# JRE version: Java(TM) SE Runtime Environment (17.0.16+12) (build 17.0.16+12-LTS-247)
# Java VM: Java HotSpot(TM) 64-Bit Server VM (17.0.16+12-LTS-247, mixed mode, emulated-client, sharing, tiered, compressed oops, compressed class ptrs, g1 gc, windows-amd64)
GC Precious Log:
 CPUs: 16 total, 16 available
 Memory: 16236M
 Large Page Support: Disabled
 NUMA Support: Disabled
 Compressed Oops: Enabled (Zero based)
 Heap Region Size: 2M
 Heap Min Capacity: 8M
 Heap Initial Capacity: 254M
 Heap Max Capacity: 4060M
 Pre-touch: Disabled
 Parallel Workers: 13
 Concurrent Workers: 3
 Concurrent Refinement Workers: 13
 Periodic GC: Disabled
Heap:
 garbage-first heap   total 348160K, used 180767K [0x0000000702400000, 0x0000000800000000)
  region size 2048K, 4 young (8192K), 4 survivors (8192K)
 Metaspace       used 81078K, committed 81856K, reserved 1179648K
  class space    used 12011K, committed 12416K, reserved 1048576K
GC Heap History (20 events):
Event: 5.380 GC heap after
{Heap after GC invocations=20 (full 0):
 garbage-first heap   total 98304K, used 50477K [0x0000000702400000, 0x0000000800000000)
  region size 2048K, 3 young (6144K), 3 survivors (6144K)
 Metaspace       used 77808K, committed 78528K, reserved 1179648K
  class space    used 11526K, committed 11904K, reserved 1048576K
}
Event: 5.417 GC heap before
{Heap before GC invocations=21 (full 0):
 garbage-first heap   total 112640K, used 77101K [0x0000000702400000, 0x0000000800000000)
  region size 2048K, 16 young (32768K), 3 survivors (6144K)
 Metaspace       used 77811K, committed 78528K, reserved 1179648K
  class space    used 11526K, committed 11904K, reserved 1048576K
}
Event: 5.420 GC heap after
{Heap after GC invocations=22 (full 0):
 garbage-first heap   total 135168K, used 55011K [0x0000000702400000, 0x0000000800000000)
  region size 2048K, 2 young (4096K), 2 survivors (4096K)
 Metaspace       used 77811K, committed 78528K, reserved 1179648K
  class space    used 11526K, committed 11904K, reserved 1048576K
}
Event: 5.584 GC heap before
{Heap before GC invocations=22 (full 0):
 garbage-first heap   total 135168K, used 106211K [0x0000000702400000, 0x0000000800000000)
  region size 2048K, 27 young (55296K), 2 survivors (4096K)
 Metaspace       used 79692K, committed 80384K, reserved 1179648K
  class space    used 11875K, committed 12224K, reserved 1048576K
}
Event: 5.589 GC heap after
{Heap after GC invocations=23 (full 0):
 garbage-first heap   total 135168K, used 65833K [0x0000000702400000, 0x0000000800000000)
  region size 2048K, 4 young (8192K), 4 survivors (8192K)
 Metaspace       used 79692K, committed 80384K, reserved 1179648K
  class space    used 11875K, committed 12224K, reserved 1048576K
}
Event: 5.651 GC heap before
{Heap before GC invocations=23 (full 0):
 garbage-first heap   total 135168K, used 102697K [0x0000000702400000, 0x0000000800000000)
  region size 2048K, 22 young (45056K), 4 survivors (8192K)
 Metaspace       used 79692K, committed 80384K, reserved 1179648K
  class space    used 11875K, committed 12224K, reserved 1048576K
}
Event: 5.658 GC heap after
{Heap after GC invocations=24 (full 0):
 garbage-first heap   total 135168K, used 78224K [0x0000000702400000, 0x0000000800000000)
  region size 2048K, 3 young (6144K), 3 survivors (6144K)
 Metaspace       used 79692K, committed 80384K, reserved 1179648K
  class space    used 11875K, committed 12224K, reserved 1048576K
}
Event: 5.689 GC heap before
{Heap before GC invocations=24 (full 0):
 garbage-first heap   total 135168K, used 100752K [0x0000000702400000, 0x0000000800000000)
  region size 2048K, 14 young (28672K), 3 survivors (6144K)
 Metaspace       used 79692K, committed 80384K, reserved 1179648K
  class space    used 11875K, committed 12224K, reserved 1048576K
}
Event: 5.694 GC heap after
{Heap after GC invocations=25 (full 0):
 garbage-first heap   total 135168K, used 87821K [0x0000000702400000, 0x0000000800000000)
  region size 2048K, 2 young (4096K), 2 survivors (4096K)
 Metaspace       used 79692K, committed 80384K, reserved 1179648K
  class space    used 11875K, committed 12224K, reserved 1048576K
}
Event: 5.722 GC heap before
{Heap before GC invocations=25 (full 0):
 garbage-first heap   total 174080K, used 104205K [0x0000000702400000, 0x0000000800000000)
  region size 2048K, 10 young (20480K), 2 survivors (4096K)
 Metaspace       used 79692K, committed 80384K, reserved 1179648K
  class space    used 11875K, committed 12224K, reserved 1048576K
}
Event: 5.726 GC heap after
{Heap after GC invocations=26 (full 0):
 garbage-first heap   total 348160K, used 93780K [0x0000000702400000, 0x0000000800000000)
  region size 2048K, 2 young (4096K), 2 survivors (4096K)
 Metaspace       used 79692K, committed 80384K, reserved 1179648K
  class space    used 11875K, committed 12224K, reserved 1048576K
}
Event: 5.934 GC heap before
{Heap before GC invocations=27 (full 0):
 garbage-first heap   total 348160K, used 214612K [0x0000000702400000, 0x0000000800000000)
  region size 2048K, 61 young (124928K), 2 survivors (4096K)
 Metaspace       used 79694K, committed 80384K, reserved 1179648K
  class space    used 11877K, committed 12224K, reserved 1048576K
}
Event: 5.943 GC heap after
{Heap after GC invocations=28 (full 0):
 garbage-first heap   total 348160K, used 115114K [0x0000000702400000, 0x0000000800000000)
  region size 2048K, 8 young (16384K), 8 survivors (16384K)
 Metaspace       used 79694K, committed 80384K, reserved 1179648K
  class space    used 11877K, committed 12224K, reserved 1048576K
}
Event: 5.946 GC heap before
{Heap before GC invocations=28 (full 0):
 garbage-first heap   total 348160K, used 117162K [0x0000000702400000, 0x0000000800000000)
  region size 2048K, 9 young (18432K), 8 survivors (16384K)
 Metaspace       used 79694K, committed 80384K, reserved 1179648K
  class space    used 11877K, committed 12224K, reserved 1048576K
}
Event: 5.952 GC heap after
{Heap after GC invocations=29 (full 0):
 garbage-first heap   total 348160K, used 116431K [0x0000000702400000, 0x0000000800000000)
  region size 2048K, 2 young (4096K), 2 survivors (4096K)
 Metaspace       used 79694K, committed 80384K, reserved 1179648K
  class space    used 11877K, committed 12224K, reserved 1048576K
}
Event: 6.202 GC heap before
{Heap before GC invocations=29 (full 0):
 garbage-first heap   total 348160K, used 265935K [0x0000000702400000, 0x0000000800000000)
  region size 2048K, 72 young (147456K), 2 survivors (4096K)
 Metaspace       used 79694K, committed 80384K, reserved 1179648K
  class space    used 11877K, committed 12224K, reserved 1048576K
}
Event: 6.225 GC heap after
{Heap after GC invocations=30 (full 0):
 garbage-first heap   total 348160K, used 170824K [0x0000000702400000, 0x0000000800000000)
  region size 2048K, 9 young (18432K), 9 survivors (18432K)
 Metaspace       used 79694K, committed 80384K, reserved 1179648K
  class space    used 11877K, committed 12224K, reserved 1048576K
}
Event: 6.406 GC heap before
{Heap before GC invocations=30 (full 0):
 garbage-first heap   total 348160K, used 250696K [0x0000000702400000, 0x0000000800000000)
  region size 2048K, 48 young (98304K), 9 survivors (18432K)
 Metaspace       used 80050K, committed 80768K, reserved 1179648K
  class space    used 11932K, committed 12288K, reserved 1048576K
}
Event: 6.417 GC heap after
{Heap after GC invocations=31 (full 0):
 garbage-first heap   total 348160K, used 177635K [0x0000000702400000, 0x0000000800000000)
  region size 2048K, 3 young (6144K), 3 survivors (6144K)
 Metaspace       used 80050K, committed 80768K, reserved 1179648K
  class space    used 11932K, committed 12288K, reserved 1048576K
}
Event: 6.667 GC heap before
{Heap before GC invocations=31 (full 0):
 garbage-first heap   total 348160K, used 259555K [0x0000000702400000, 0x0000000800000000)
  region size 2048K, 43 young (88064K), 3 survivors (6144K)
 Metaspace       used 81078K, committed 81856K, reserved 1179648K
  class space    used 12011K, committed 12416K, reserved 1048576K
}

